MANPATH=/home/travis/.nvm/versions/node/v8.9.1/share/man:/home/travis/.kiex/elixirs/elixir-1.4.5/man:/home/travis/.rvm/rubies/ruby-2.4.1/share/man:/usr/local/man:/usr/local/cmake-3.9.2/man:/usr/local/clang-5.0.0/share/man:/usr/local/share/man:/usr/share/man:/home/travis/.rvm/man
TRAVIS_ARCH=amd64
XDG_SESSION_ID=2
MYSQL_UNIX_PORT=/var/run/mysqld/mysqld.sock
rvm_bin_path=/home/travis/.rvm/bin
HAS_JOSH_K_SEAL_OF_APPROVAL=true
PYENV_ROOT=/opt/pyenv
NVM_CD_FLAGS=
GEM_HOME=/home/travis/.rvm/gems/ruby-2.4.1
TRAVIS_STACK_JOB_BOARD_REGISTER=/.job-board-register.yml
TRAVIS_TEST_RESULT=
TRAVIS_STACK_LANGUAGES=__garnet__ c c++ clojure cplusplus cpp default go groovy java node_js php pure_java python ruby scala
SHELL=/bin/bash
TERM=xterm
HISTSIZE=1000
ELIXIR_VERSION=1.4.5
IRBRC=/home/travis/.rvm/rubies/ruby-2.4.1/.irbrc
SSH_CLIENT=10.10.4.82 56732 22
TRAVIS_COMMIT=4ec58829c57ac0fdf567d73e3849b9966c94ee61
TRAVIS_OS_NAME=linux
TRAVIS_APT_PROXY=http://build-cache.travisci.net
TRAVIS_JOB_NAME=
CASHER_DIR=/home/travis/.casher
TRAVIS_UID=2000
TRAVIS_INTERNAL_RUBY_REGEX=^ruby-(2\.[0-4]\.[0-9]|1\.9\.3)
OLDPWD=/home/travis/build
MY_RUBY_HOME=/home/travis/.rvm/rubies/ruby-2.4.1
TRAVIS_ROOT=/
SSH_TTY=/dev/pts/0
TRAVIS_TIMER_ID=1da52473
LC_ALL=en_US.UTF-8
MIX_ARCHIVES=/home/travis/.kiex/mix/elixir-1.4.5
ANSI_GREEN=\033[32;1m
NVM_DIR=/home/travis/.nvm
HISTFILESIZE=2000
USER=travis
_system_type=Linux
TRAVIS_LANGUAGE=generic
TRAVIS_INFRA=gce
PERLBREW_BASHRC_VERSION=0.80
ANSI_RESET=\033[0m
rvm_path=/home/travis/.rvm
TRAVIS_DIST=trusty
TRAVIS=true
TRAVIS_REPO_SLUG=apollux/dashy
ANSI_YELLOW=\033[33;1m
HAS_ANTARES_THREE_LITTLE_FRONZIES_BADGE=true
PYTHON_CONFIGURE_OPTS=--enable-unicode=ucs4 --with-wide-unicode --enable-shared --enable-ipv6 --enable-loadable-sqlite-extensions --with-computed-gotos
TRAVIS_BUILD_STAGE_NAME=
TRAVIS_COMMIT_MESSAGE=chore: travis attampt 2
TRAVIS_PULL_REQUEST=false
PAGER=cat
RACK_ENV=test
TRAVIS_CMD=env
docker run --rm \
  --env-file <(env |  grep -vE '\r|\n' | grep -iE 'DEBUG|NODE_|ELECTRON_|YARN_|NPM_|CI|CIRCLE|TRAVIS|APPVEYOR_|CSC_|_TOKEN|_KEY|AWS_|STRIP|BUILD_') \
  -v ${PWD}:/project \
  -v ~/.cache/electron:/root/.cache/electron \
  -v ~/.cache/electron-builder:/root/.cache/electron-builder \
  electronuserland/builder:wine \
  /bin/bash -c "yarn --link-duplicates --pure-lockfile && yarn release --linux --win"

PERLBREW_ROOT=/home/travis/perl5/perlbrew
TRAVIS_STACK_TIMESTAMP=2017-12-05 19:33:09 UTC
rvm_prefix=/home/travis
PYTHON_CFLAGS=-g -fstack-protector --param=ssp-buffer-size=4 -Wformat -Werror=format-security
PATH=/home/travis/.rvm/gems/ruby-2.4.1/bin:/home/travis/.rvm/gems/ruby-2.4.1@global/bin:/home/travis/.rvm/rubies/ruby-2.4.1/bin:/home/travis/.rvm/bin:/home/travis/bin:/home/travis/.local/bin:/opt/pyenv/shims:/home/travis/.phpenv/shims:/home/travis/perl5/perlbrew/bin:/home/travis/.nvm/versions/node/v8.9.1/bin:/home/travis/.kiex/elixirs/elixir-1.4.5/bin:/home/travis/.kiex/bin:/home/travis/gopath/bin:/home/travis/.gimme/versions/go1.7.4.linux.amd64/bin:/usr/local/phantomjs/bin:/usr/local/phantomjs:/usr/local/neo4j-3.2.7/bin:/usr/local/maven-3.5.2/bin:/usr/local/cmake-3.9.2/bin:/usr/local/clang-5.0.0/bin:/usr/local/sbin:/usr/local/bin:/usr/sbin:/usr/bin:/sbin:/bin:/home/travis/.phpenv/bin:/opt/pyenv/bin:/home/travis/.yarn/bin
MAIL=/var/mail/travis
TRAVIS_PULL_REQUEST_SHA=
TRAVIS_OSX_IMAGE=
TRAVIS_JOB_WEB_URL=https://travis-ci.org/apollux/dashy/jobs/535866420
TRAVIS_TMPDIR=/tmp/tmp.9ctzsd8Z3c
TRAVIS_BUILD_WEB_URL=https://travis-ci.org/apollux/dashy/builds/535866419
PWD=/home/travis/build/apollux/dashy
JAVA_HOME=/usr/lib/jvm/java-8-oracle
CONTINUOUS_INTEGRATION=true
LANG=en_US.UTF-8
TRAVIS_PRE_CHEF_BOOTSTRAP_TIME=2017-12-05T19:32:55
MERB_ENV=test
TZ=UTC
_system_arch=x86_64
PERLBREW_HOME=/home/travis/.perlbrew
PS1=${debian_chroot:+($debian_chroot)}\u@\h:\w\$ 
TRAVIS_ENABLE_INFRA_DETECTION=true
_system_version=14.04
TRAVIS_SUDO=true
TRAVIS_TAG=
TRAVIS_ALLOW_FAILURE=false
RBENV_SHELL=bash
HISTCONTROL=ignoredups:ignorespace
TRAVIS_HOME=/home/travis
TRAVIS_INIT=upstart
rvm_version=1.29.3 (latest)
TRAVIS_JOB_NUMBER=2.1
TRAVIS_EVENT_TYPE=push
PYENV_SHELL=bash
rvm_pretty_print_flag=auto
PS4=+
HOME=/home/travis
SHLVL=2
GOROOT=/home/travis/.gimme/versions/go1.7.4.linux.amd64
ANSI_CLEAR=\033[0K
RAILS_ENV=test
TRAVIS_TIMER_START_TIME=1558541803520474757
CI=true
TRAVIS_BUILD_ID=535866419
LOGNAME=travis
TRAVIS_STACK_FEATURES=basic cassandra chromium couchdb disabled-ipv6 docker docker-compose elasticsearch firefox go-toolchain google-chrome jdk memcached mongodb mysql neo4j nodejs_interpreter perl_interpreter perlbrew phantomjs postgresql python_interpreter rabbitmq redis riak ruby_interpreter sqlite xserver
TRAVIS_PULL_REQUEST_SLUG=
COMPOSER_NO_INTERACTION=1
GEM_PATH=/home/travis/.rvm/gems/ruby-2.4.1:/home/travis/.rvm/gems/ruby-2.4.1@global
SSH_CONNECTION=10.10.4.82 56732 10.20.3.119 22
LC_CTYPE=en_US.UTF-8
TRAVIS_SECURE_ENV_VARS=false
DEBIAN_FRONTEND=noninteractive
NVM_BIN=/home/travis/.nvm/versions/node/v8.9.1/bin
GOPATH=/home/travis/gopath
TRAVIS_STACK_NODE_ATTRIBUTES=/.node-attributes.yml
TRAVIS_STACK_NAME=garnet
TRAVIS_APP_HOST=build.travis-ci.org
GIT_ASKPASS=echo
TRAVIS_BRANCH=master
XDG_RUNTIME_DIR=/run/user/2000
TRAVIS_COMMIT_RANGE=26188853a918...4ec58829c57a
JRUBY_OPTS= --client -J-XX:+TieredCompilation -J-XX:TieredStopAtLevel=1 -J-Xss2m -Xcompile.invokedynamic=false
JDK_SWITCHER_DEFAULT=oraclejdk8
TRAVIS_PULL_REQUEST_BRANCH=
TRAVIS_JOB_ID=535866420
ANSI_RED=\033[31;1m
RUBY_VERSION=ruby-2.4.1
_system_name=Ubuntu
TRAVIS_BUILD_NUMBER=2
TRAVIS_BUILD_DIR=/home/travis/build/apollux/dashy
_=/usr/bin/env